# JRE version: Java(TM) SE Runtime Environment (8.0_05-b13) (build 1.8.0_05-b13)
# Java VM: Java HotSpot(TM) 64-Bit Server VM (25.5-b02 mixed mode windows-amd64 compressed oops)
Heap:
 PSYoungGen      total 158720K, used 95454K [0x00000000eab00000, 0x00000000ff900000, 0x0000000100000000)
  eden space 116736K, 81% used [0x00000000eab00000,0x00000000f0837a90,0x00000000f1d00000)
  from space 41984K, 0% used [0x00000000f1d00000,0x00000000f1d00000,0x00000000f4600000)
  to   space 112640K, 0% used [0x00000000f8b00000,0x00000000f8b00000,0x00000000ff900000)
 ParOldGen       total 253952K, used 156179K [0x00000000c0000000, 0x00000000cf800000, 0x00000000eab00000)
  object space 253952K, 61% used [0x00000000c0000000,0x00000000c9884c18,0x00000000cf800000)
 Metaspace       used 130422K, capacity 138571K, committed 142848K, reserved 1171456K
  class space    used 17186K, capacity 20182K, committed 21760K, reserved 1048576K
GC Heap History (10 events):
Event: 4965.158 GC heap before
{Heap before GC invocations=106 (full 20):
 PSYoungGen      total 226304K, used 110080K [0x00000000eab00000, 0x0000000100000000, 0x0000000100000000)
  eden space 110080K, 100% used [0x00000000eab00000,0x00000000f1680000,0x00000000f1680000)
  from space 116224K, 0% used [0x00000000f1680000,0x00000000f1680000,0x00000000f8800000)
  to   space 116224K, 0% used [0x00000000f8e80000,0x00000000f8e80000,0x0000000100000000)
 ParOldGen       total 253952K, used 209355K [0x00000000c0000000, 0x00000000cf800000, 0x00000000eab00000)
  object space 253952K, 82% used [0x00000000c0000000,0x00000000ccc72de8,0x00000000cf800000)
 Metaspace       used 122130K, capacity 131532K, committed 132864K, reserved 1161216K
  class space    used 16772K, capacity 20047K, committed 20480K, reserved 1048576K
Event: 4965.203 GC heap after
Heap after GC invocations=106 (full 20):
 PSYoungGen      total 232960K, used 18174K [0x00000000eab00000, 0x0000000100000000, 0x0000000100000000)
  eden space 116736K, 0% used [0x00000000eab00000,0x00000000eab00000,0x00000000f1d00000)
  from space 116224K, 15% used [0x00000000f8e80000,0x00000000fa03fa50,0x0000000100000000)
  to   space 116224K, 0% used [0x00000000f1d00000,0x00000000f1d00000,0x00000000f8e80000)
 ParOldGen       total 253952K, used 209355K [0x00000000c0000000, 0x00000000cf800000, 0x00000000eab00000)
  object space 253952K, 82% used [0x00000000c0000000,0x00000000ccc72de8,0x00000000cf800000)
 Metaspace       used 122130K, capacity 131532K, committed 132864K, reserved 1161216K
  class space    used 16772K, capacity 20047K, committed 20480K, reserved 1048576K
}
Event: 5602.290 GC heap before
{Heap before GC invocations=107 (full 20):
 PSYoungGen      total 232960K, used 134910K [0x00000000eab00000, 0x0000000100000000, 0x0000000100000000)
  eden space 116736K, 100% used [0x00000000eab00000,0x00000000f1d00000,0x00000000f1d00000)
  from space 116224K, 15% used [0x00000000f8e80000,0x00000000fa03fa50,0x0000000100000000)
  to   space 116224K, 0% used [0x00000000f1d00000,0x00000000f1d00000,0x00000000f8e80000)
 ParOldGen       total 253952K, used 209355K [0x00000000c0000000, 0x00000000cf800000, 0x00000000eab00000)
  object space 253952K, 82% used [0x00000000c0000000,0x00000000ccc72de8,0x00000000cf800000)
 Metaspace       used 124923K, capacity 134708K, committed 135936K, reserved 1165312K
  class space    used 17145K, capacity 20572K, committed 20992K, reserved 1048576K
Event: 5602.309 GC heap after
Heap after GC invocations=107 (full 20):
 PSYoungGen      total 232960K, used 27925K [0x00000000eab00000, 0x0000000100000000, 0x0000000100000000)
  eden space 116736K, 0% used [0x00000000eab00000,0x00000000eab00000,0x00000000f1d00000)
  from space 116224K, 24% used [0x00000000f1d00000,0x00000000f38456c0,0x00000000f8e80000)
  to   space 116224K, 0% used [0x00000000f8e80000,0x00000000f8e80000,0x0000000100000000)
 ParOldGen       total 253952K, used 209363K [0x00000000c0000000, 0x00000000cf800000, 0x00000000eab00000)
  object space 253952K, 82% used [0x00000000c0000000,0x00000000ccc74de8,0x00000000cf800000)
 Metaspace       used 124923K, capacity 134708K, committed 135936K, reserved 1165312K
  class space    used 17145K, capacity 20572K, committed 20992K, reserved 1048576K
}
Event: 5603.156 GC heap before
{Heap before GC invocations=108 (full 20):
 PSYoungGen      total 232960K, used 144661K [0x00000000eab00000, 0x0000000100000000, 0x0000000100000000)
  eden space 116736K, 100% used [0x00000000eab00000,0x00000000f1d00000,0x00000000f1d00000)
  from space 116224K, 24% used [0x00000000f1d00000,0x00000000f38456c0,0x00000000f8e80000)
  to   space 116224K, 0% used [0x00000000f8e80000,0x00000000f8e80000,0x0000000100000000)
 ParOldGen       total 253952K, used 209363K [0x00000000c0000000, 0x00000000cf800000, 0x00000000eab00000)
  object space 253952K, 82% used [0x00000000c0000000,0x00000000ccc74de8,0x00000000cf800000)
 Metaspace       used 128483K, capacity 138472K, committed 139264K, reserved 1167360K
  class space    used 17691K, capacity 21227K, committed 21504K, reserved 1048576K
Event: 5603.181 GC heap after
Heap after GC invocations=108 (full 20):
 PSYoungGen      total 232960K, used 41134K [0x00000000eab00000, 0x0000000100000000, 0x0000000100000000)
  eden space 116736K, 0% used [0x00000000eab00000,0x00000000eab00000,0x00000000f1d00000)
  from space 116224K, 35% used [0x00000000f8e80000,0x00000000fb6abae8,0x0000000100000000)
  to   space 116224K, 0% used [0x00000000f1d00000,0x00000000f1d00000,0x00000000f8e80000)
 ParOldGen       total 253952K, used 209371K [0x00000000c0000000, 0x00000000cf800000, 0x00000000eab00000)
  object space 253952K, 82% used [0x00000000c0000000,0x00000000ccc76de8,0x00000000cf800000)
 Metaspace       used 128483K, capacity 138472K, committed 139264K, reserved 1167360K
  class space    used 17691K, capacity 21227K, committed 21504K, reserved 1048576K
}
Event: 5606.131 GC heap before
{Heap before GC invocations=109 (full 20):
 PSYoungGen      total 232960K, used 141481K [0x00000000eab00000, 0x0000000100000000, 0x0000000100000000)
  eden space 116736K, 85% used [0x00000000eab00000,0x00000000f0cfeab0,0x00000000f1d00000)
  from space 116224K, 35% used [0x00000000f8e80000,0x00000000fb6abae8,0x0000000100000000)
  to   space 116224K, 0% used [0x00000000f1d00000,0x00000000f1d00000,0x00000000f8e80000)
 ParOldGen       total 253952K, used 209371K [0x00000000c0000000, 0x00000000cf800000, 0x00000000eab00000)
  object space 253952K, 82% used [0x00000000c0000000,0x00000000ccc76de8,0x00000000cf800000)
 Metaspace       used 130041K, capacity 140247K, committed 140800K, reserved 1169408K
  class space    used 17960K, capacity 21549K, committed 21760K, reserved 1048576K
Event: 5606.196 GC heap after
Heap after GC invocations=109 (full 20):
 PSYoungGen      total 158720K, used 41839K [0x00000000eab00000, 0x00000000ff900000, 0x0000000100000000)
  eden space 116736K, 0% used [0x00000000eab00000,0x00000000eab00000,0x00000000f1d00000)
  from space 41984K, 99% used [0x00000000f1d00000,0x00000000f45dbff8,0x00000000f4600000)
  to   space 112640K, 0% used [0x00000000f8b00000,0x00000000f8b00000,0x00000000ff900000)
 ParOldGen       total 253952K, used 209379K [0x00000000c0000000, 0x00000000cf800000, 0x00000000eab00000)
  object space 253952K, 82% used [0x00000000c0000000,0x00000000ccc78de8,0x00000000cf800000)
 Metaspace       used 130041K, capacity 140247K, committed 140800K, reserved 1169408K
  class space    used 17960K, capacity 21549K, committed 21760K, reserved 1048576K
}
Event: 5606.196 GC heap before
{Heap before GC invocations=110 (full 21):
 PSYoungGen      total 158720K, used 41839K [0x00000000eab00000, 0x00000000ff900000, 0x0000000100000000)
  eden space 116736K, 0% used [0x00000000eab00000,0x00000000eab00000,0x00000000f1d00000)
  from space 41984K, 99% used [0x00000000f1d00000,0x00000000f45dbff8,0x00000000f4600000)
  to   space 112640K, 0% used [0x00000000f8b00000,0x00000000f8b00000,0x00000000ff900000)
 ParOldGen       total 253952K, used 209379K [0x00000000c0000000, 0x00000000cf800000, 0x00000000eab00000)
  object space 253952K, 82% used [0x00000000c0000000,0x00000000ccc78de8,0x00000000cf800000)
 Metaspace       used 130041K, capacity 140247K, committed 140800K, reserved 1169408K
  class space    used 17960K, capacity 21549K, committed 21760K, reserved 1048576K
Event: 5607.075 GC heap after
Heap after GC invocations=110 (full 21):
 PSYoungGen      total 158720K, used 0K [0x00000000eab00000, 0x00000000ff900000, 0x0000000100000000)
  eden space 116736K, 0% used [0x00000000eab00000,0x00000000eab00000,0x00000000f1d00000)
  from space 41984K, 0% used [0x00000000f1d00000,0x00000000f1d00000,0x00000000f4600000)
  to   space 112640K, 0% used [0x00000000f8b00000,0x00000000f8b00000,0x00000000ff900000)
 ParOldGen       total 253952K, used 156179K [0x00000000c0000000, 0x00000000cf800000, 0x00000000eab00000)
  object space 253952K, 61% used [0x00000000c0000000,0x00000000c9884c18,0x00000000cf800000)
 Metaspace       used 127146K, capacity 134805K, committed 140800K, reserved 1169408K
  class space    used 16762K, capacity 19558K, committed 21760K, reserved 1048576K
}

